0 info it worked if it ends with ok
1 verbose cli [ '/usr/local/bin/node',
1 verbose cli   '/usr/local/bin/npm',
1 verbose cli   'version',
1 verbose cli   'minor' ]
2 info using npm@2.14.7
3 info using node@v4.2.1
4 info git [ 'status', '--porcelain' ]
5 verbose stack Error: Git working directory not clean.
5 verbose stack M .npmignore
5 verbose stack D app/config/sculpin_kernel.yml
5 verbose stack D app/config/sculpin_site.yml
5 verbose stack D app/config/sculpin_site_dev.yml
5 verbose stack D dist/beard.css
5 verbose stack D dist/css/beard.css
5 verbose stack D dist/css/beard.css.map
5 verbose stack D dist/css/site.css
5 verbose stack D dist/css/site.css.map
5 verbose stack D output_dev/border-radius/index.html
5 verbose stack D output_dev/colors.html~
5 verbose stack D output_dev/colors/index.html
5 verbose stack D output_dev/configuration/index.html
5 verbose stack D output_dev/css/beard.css
5 verbose stack D output_dev/css/default.css
5 verbose stack D output_dev/css/prism-ghcolors.css
5 verbose stack D output_dev/css/prism.css
5 verbose stack D output_dev/display/index.html
5 verbose stack D output_dev/flex.html~
5 verbose stack D output_dev/flex/index.html
5 verbose stack D output_dev/floats/index.html
5 verbose stack D output_dev/fonts/index.html
5 verbose stack D output_dev/grid/index.html
5 verbose stack D output_dev/helpers/index.html
5 verbose stack D output_dev/index.html
5 verbose stack D output_dev/installation/index.html
5 verbose stack D output_dev/js/prism.js
5 verbose stack D output_dev/letter-spacing/index.html
5 verbose stack D output_dev/line-heights/index.html
5 verbose stack D output_dev/overflow/index.html
5 verbose stack D output_dev/philosophy/index.html
5 verbose stack D output_dev/reset-and-base/index.html
5 verbose stack D output_dev/reset/index.html
5 verbose stack D output_dev/spacing/index.html
5 verbose stack D output_dev/text-alignment/index.html
5 verbose stack D output_dev/tools/index.html
5 verbose stack D output_prod/border-radius/index.html
5 verbose stack D output_prod/colors/index.html
5 verbose stack D output_prod/configuration/index.html
5 verbose stack D output_prod/css/beard.css
5 verbose stack D output_prod/css/prism-ghcolors.css
5 verbose stack D output_prod/css/prism.css
5 verbose stack D output_prod/css/site.scss
5 verbose stack D output_prod/display/index.html
5 verbose stack D output_prod/flex/index.html
5 verbose stack D output_prod/floats/index.html
5 verbose stack D output_prod/fonts/index.html
5 verbose stack D output_prod/grid/index.html
5 verbose stack D output_prod/helpers/index.html
5 verbose stack D output_prod/index.html
5 verbose stack D output_prod/installation/index.html
5 verbose stack D output_prod/js/prism.js
5 verbose stack D output_prod/letter-spacing/index.html
5 verbose stack D output_prod/line-heights/index.html
5 verbose stack D output_prod/misc/index.html
5 verbose stack D output_prod/overflow/index.html
5 verbose stack D output_prod/philosophy/index.html
5 verbose stack D output_prod/reset-and-base/index.html
5 verbose stack D output_prod/spacing/index.html
5 verbose stack D output_prod/text-alignment/index.html
5 verbose stack D output_prod/tools/index.html
5 verbose stack M package.json
5 verbose stack     at /usr/local/lib/node_modules/npm/lib/version.js:171:21
5 verbose stack     at ChildProcess.exithandler (child_process.js:194:7)
5 verbose stack     at emitTwo (events.js:87:13)
5 verbose stack     at ChildProcess.emit (events.js:172:7)
5 verbose stack     at maybeClose (internal/child_process.js:818:16)
5 verbose stack     at Socket.<anonymous> (internal/child_process.js:319:11)
5 verbose stack     at emitOne (events.js:77:13)
5 verbose stack     at Socket.emit (events.js:169:7)
5 verbose stack     at Pipe._onclose (net.js:469:12)
6 verbose cwd /Users/david/Code/beard
7 error Darwin 15.5.0
8 error argv "/usr/local/bin/node" "/usr/local/bin/npm" "version" "minor"
9 error node v4.2.1
10 error npm  v2.14.7
11 error Git working directory not clean.
11 error M .npmignore
11 error D app/config/sculpin_kernel.yml
11 error D app/config/sculpin_site.yml
11 error D app/config/sculpin_site_dev.yml
11 error D dist/beard.css
11 error D dist/css/beard.css
11 error D dist/css/beard.css.map
11 error D dist/css/site.css
11 error D dist/css/site.css.map
11 error D output_dev/border-radius/index.html
11 error D output_dev/colors.html~
11 error D output_dev/colors/index.html
11 error D output_dev/configuration/index.html
11 error D output_dev/css/beard.css
11 error D output_dev/css/default.css
11 error D output_dev/css/prism-ghcolors.css
11 error D output_dev/css/prism.css
11 error D output_dev/display/index.html
11 error D output_dev/flex.html~
11 error D output_dev/flex/index.html
11 error D output_dev/floats/index.html
11 error D output_dev/fonts/index.html
11 error D output_dev/grid/index.html
11 error D output_dev/helpers/index.html
11 error D output_dev/index.html
11 error D output_dev/installation/index.html
11 error D output_dev/js/prism.js
11 error D output_dev/letter-spacing/index.html
11 error D output_dev/line-heights/index.html
11 error D output_dev/overflow/index.html
11 error D output_dev/philosophy/index.html
11 error D output_dev/reset-and-base/index.html
11 error D output_dev/reset/index.html
11 error D output_dev/spacing/index.html
11 error D output_dev/text-alignment/index.html
11 error D output_dev/tools/index.html
11 error D output_prod/border-radius/index.html
11 error D output_prod/colors/index.html
11 error D output_prod/configuration/index.html
11 error D output_prod/css/beard.css
11 error D output_prod/css/prism-ghcolors.css
11 error D output_prod/css/prism.css
11 error D output_prod/css/site.scss
11 error D output_prod/display/index.html
11 error D output_prod/flex/index.html
11 error D output_prod/floats/index.html
11 error D output_prod/fonts/index.html
11 error D output_prod/grid/index.html
11 error D output_prod/helpers/index.html
11 error D output_prod/index.html
11 error D output_prod/installation/index.html
11 error D output_prod/js/prism.js
11 error D output_prod/letter-spacing/index.html
11 error D output_prod/line-heights/index.html
11 error D output_prod/misc/index.html
11 error D output_prod/overflow/index.html
11 error D output_prod/philosophy/index.html
11 error D output_prod/reset-and-base/index.html
11 error D output_prod/spacing/index.html
11 error D output_prod/text-alignment/index.html
11 error D output_prod/tools/index.html
11 error M package.json
12 error If you need help, you may report this error at:
12 error     <https://github.com/npm/npm/issues>
13 verbose exit [ 1, true ]
